Buildfile: /media/fp/Programmieren/workspace_android_eclipse/hsnake_adventures/build.xml

-check-env:
 [checkenv] Android SDK Tools Revision 24.4.0
 [checkenv] Installed at /home/anti88/Festplatte/ANDROID/sdk

-setup:
     [echo] Project Name: SDLActivity
  [gettype] Project Type: Application

-pre-clean:

clean:
   [delete] Deleting directory /media/fp/Programmieren/workspace_android_eclipse/hsnake_adventures/bin
   [delete] Deleting directory /media/fp/Programmieren/workspace_android_eclipse/hsnake_adventures/gen
[getlibpath] Library dependencies:
[getlibpath] No Libraries
   [subant] No sub-builds to iterate on

-set-mode-check:

-set-release-mode:

-release-obfuscation-check:
     [echo] proguard.config is /home/anti88/Festplatte/ANDROID/sdk/tools/proguard/proguard-android.txt:proguard-project.txt
     [echo] Proguard.config is enabled

-pre-build:

-check-env:
 [checkenv] Android SDK Tools Revision 24.4.0
 [checkenv] Installed at /home/anti88/Festplatte/ANDROID/sdk

-setup:
     [echo] Project Name: SDLActivity
  [gettype] Project Type: Application

-build-setup:
[getbuildtools] Using latest Build Tools: 23.0.1
     [echo] Resolving Build Target for SDLActivity...
[gettarget] Project Target:   Google APIs
[gettarget] Vendor:           Google Inc.
[gettarget] Platform Version: 4.0.3
[gettarget] API level:        15
     [echo] ----------
     [echo] Creating output directories if needed...
    [mkdir] Created dir: /media/fp/Programmieren/workspace_android_eclipse/hsnake_adventures/bin
    [mkdir] Created dir: /media/fp/Programmieren/workspace_android_eclipse/hsnake_adventures/bin/res
    [mkdir] Created dir: /media/fp/Programmieren/workspace_android_eclipse/hsnake_adventures/bin/rsObj
    [mkdir] Created dir: /media/fp/Programmieren/workspace_android_eclipse/hsnake_adventures/bin/rsLibs
    [mkdir] Created dir: /media/fp/Programmieren/workspace_android_eclipse/hsnake_adventures/gen
    [mkdir] Created dir: /media/fp/Programmieren/workspace_android_eclipse/hsnake_adventures/bin/classes
    [mkdir] Created dir: /media/fp/Programmieren/workspace_android_eclipse/hsnake_adventures/bin/dexedLibs
     [echo] ----------
     [echo] Resolving Dependencies for SDLActivity...
[dependency] Ordered libraries:
[dependency] 
[dependency] ------------------
[dependency] API<=15: Adding annotations.jar to the classpath.
     [echo] ----------
     [echo] Building Libraries with 'release'...
   [subant] No sub-builds to iterate on

-code-gen:
[mergemanifest] Merging AndroidManifest files into one.
[mergemanifest] Manifest merger disabled. Using project manifest only.
     [echo] Handling aidl files...
     [aidl] No AIDL files to compile.
     [echo] ----------
     [echo] Handling RenderScript files...
     [echo] ----------
     [echo] Handling Resources...
     [aapt] Generating resource IDs...
     [echo] ----------
     [echo] Handling BuildConfig class...
[buildconfig] Generating BuildConfig class.

-pre-compile:

-compile:
    [javac] Compiling 4 source files to /media/fp/Programmieren/workspace_android_eclipse/hsnake_adventures/bin/classes
    [javac] warning: [options] source value 1.5 is obsolete and will be removed in a future release
    [javac] warning: [options] target value 1.5 is obsolete and will be removed in a future release
    [javac] warning: [options] To suppress warnings about obsolete options, use -Xlint:-options.
    [javac] Note: /media/fp/Programmieren/workspace_android_eclipse/hsnake_adventures/src/org/libsdl/app/SDLActivity.java uses or overrides a deprecated API.
    [javac] Note: Recompile with -Xlint:deprecation for details.

-post-compile:

-obfuscate:
    [mkdir] Created dir: /media/fp/Programmieren/workspace_android_eclipse/hsnake_adventures/bin/proguard
      [jar] Building jar: /media/fp/Programmieren/workspace_android_eclipse/hsnake_adventures/bin/proguard/original.jar
 [proguard] ProGuard, version 4.7
 [proguard] Reading input...
 [proguard] Reading program jar [/media/fp/Programmieren/workspace_android_eclipse/hsnake_adventures/bin/proguard/original.jar]
 [proguard] Reading program jar [/media/fp/ANDROID/sdk/tools/support/annotations.jar]
 [proguard] Reading library jar [/media/fp/ANDROID/sdk/platforms/android-15/android.jar]
 [proguard] Reading library jar [/media/fp/ANDROID/sdk/add-ons/addon-google_apis-google-15/libs/usb.jar]
 [proguard] Reading library jar [/media/fp/ANDROID/sdk/add-ons/addon-google_apis-google-15/libs/effects.jar]
 [proguard] Reading library jar [/media/fp/ANDROID/sdk/add-ons/addon-google_apis-google-15/libs/maps.jar]
 [proguard] Initializing...
 [proguard] Note: the configuration refers to the unknown class 'com.google.vending.licensing.ILicensingService'
 [proguard] Note: the configuration refers to the unknown class 'com.android.vending.licensing.ILicensingService'
 [proguard] Note: the configuration refers to the unknown class '<SDLActivity.java>'
 [proguard] Note: there were 3 references to unknown classes.
 [proguard]       You should check your configuration for typos.
 [proguard] Ignoring unused library classes...
 [proguard]   Original number of library classes: 3197
 [proguard]   Final number of library classes:    258
 [proguard] Printing kept classes, fields, and methods...
 [proguard] Shrinking...
 [proguard] Printing usage to [/media/fp/Programmieren/workspace_android_eclipse/hsnake_adventures/bin/proguard/usage.txt]...
 [proguard] Removing unused program classes and class elements...
 [proguard]   Original number of program classes: 23
 [proguard]   Final number of program classes:    23
 [proguard] Obfuscating...
 [proguard] Printing mapping to [/media/fp/Programmieren/workspace_android_eclipse/hsnake_adventures/bin/proguard/mapping.txt]...
 [proguard] Writing output...
 [proguard] Preparing output jar [/media/fp/Programmieren/workspace_android_eclipse/hsnake_adventures/bin/proguard/obfuscated.jar]
 [proguard]   Copying resources from program jar [/media/fp/Programmieren/workspace_android_eclipse/hsnake_adventures/bin/proguard/original.jar]
 [proguard]   Copying resources from program jar [/media/fp/ANDROID/sdk/tools/support/annotations.jar]
 [proguard] Warning: can't write resource [META-INF/MANIFEST.MF] (Duplicate zip entry [annotations.jar:META-INF/MANIFEST.MF])
 [proguard] Printing classes to [/media/fp/Programmieren/workspace_android_eclipse/hsnake_adventures/bin/proguard/dump.txt]...

-dex:
      [dex] input: /media/fp/Programmieren/workspace_android_eclipse/hsnake_adventures/bin/proguard/obfuscated.jar
      [dex] Converting compiled files and external libraries into /media/fp/Programmieren/workspace_android_eclipse/hsnake_adventures/bin/classes.dex...

-crunch:
   [crunch] Crunching PNG Files in source dir: /media/fp/Programmieren/workspace_android_eclipse/hsnake_adventures/res
   [crunch] To destination dir: /media/fp/Programmieren/workspace_android_eclipse/hsnake_adventures/bin/res
   [crunch] Processing image to cache: /media/fp/Programmieren/workspace_android_eclipse/hsnake_adventures/res/drawable-hdpi/ic_launcher.png => /media/fp/Programmieren/workspace_android_eclipse/hsnake_adventures/bin/res/drawable-hdpi/ic_launcher.png
   [crunch]   (processed image to cache entry /media/fp/Programmieren/workspace_android_eclipse/hsnake_adventures/bin/res/drawable-hdpi/ic_launcher.png: 61% size of source)
   [crunch] Processing image to cache: /media/fp/Programmieren/workspace_android_eclipse/hsnake_adventures/res/drawable-mdpi/ic_launcher.png => /media/fp/Programmieren/workspace_android_eclipse/hsnake_adventures/bin/res/drawable-mdpi/ic_launcher.png
   [crunch]   (processed image to cache entry /media/fp/Programmieren/workspace_android_eclipse/hsnake_adventures/bin/res/drawable-mdpi/ic_launcher.png: 0% size of source)
   [crunch] Processing image to cache: /media/fp/Programmieren/workspace_android_eclipse/hsnake_adventures/res/drawable-xhdpi/ic_launcher.png => /media/fp/Programmieren/workspace_android_eclipse/hsnake_adventures/bin/res/drawable-xhdpi/ic_launcher.png
   [crunch]   (processed image to cache entry /media/fp/Programmieren/workspace_android_eclipse/hsnake_adventures/bin/res/drawable-xhdpi/ic_launcher.png: 75% size of source)
   [crunch] Processing image to cache: /media/fp/Programmieren/workspace_android_eclipse/hsnake_adventures/res/drawable-xxhdpi/ic_launcher.png => /media/fp/Programmieren/workspace_android_eclipse/hsnake_adventures/bin/res/drawable-xxhdpi/ic_launcher.png
   [crunch]   (processed image to cache entry /media/fp/Programmieren/workspace_android_eclipse/hsnake_adventures/bin/res/drawable-xxhdpi/ic_launcher.png: 86% size of source)
   [crunch] Crunched 4 PNG files to update cache

-package-resources:
     [aapt] Creating full resource package...

-package:
[apkbuilder] Current build type is different than previous build: forced apkbuilder run.
[apkbuilder] Creating SDLActivity-release-unsigned.apk for release...

-post-package:

-release-prompt-for-password:

-release-nosign:

-release-sign:
     [echo] Signing final apk...
 [zipalign] Running zip align on final apk...
     [echo] Release Package: /media/fp/Programmieren/workspace_android_eclipse/hsnake_adventures/bin/SDLActivity-release.apk
[propertyfile] Creating new property file: /media/fp/Programmieren/workspace_android_eclipse/hsnake_adventures/bin/build.prop
[propertyfile] Updating property file: /media/fp/Programmieren/workspace_android_eclipse/hsnake_adventures/bin/build.prop
[propertyfile] Updating property file: /media/fp/Programmieren/workspace_android_eclipse/hsnake_adventures/bin/build.prop
[propertyfile] Updating property file: /media/fp/Programmieren/workspace_android_eclipse/hsnake_adventures/bin/build.prop

-post-build:

release:

BUILD SUCCESSFUL
Total time: 9 seconds
