Defining custom 'clean' task when using the standard Gradle lifecycle plugins has been deprecated and is scheduled to be removed in Gradle 3.0
Incremental java compilation is an incubating feature.
:preBuild UP-TO-DATE
:preDebugBuild UP-TO-DATE
:checkDebugManifest
:prepareDebugDependencies
:compileDebugAidl UP-TO-DATE
:compileDebugRenderscript UP-TO-DATE
:generateDebugBuildConfig UP-TO-DATE
:mergeDebugShaders UP-TO-DATE
:compileDebugShaders UP-TO-DATE
:generateDebugAssets UP-TO-DATE
:mergeDebugAssets
:generateDebugResValues UP-TO-DATE
:generateDebugResources UP-TO-DATE
:mergeDebugResources
:processDebugManifest
:processDebugResources
:generateDebugSources
:incrementalDebugJavaCompilationSafeguard UP-TO-DATE
:compileDebugJavaWithJavac
:compileDebugJavaWithJavac - is not incremental (e.g. outputs have changed, no previous execution, etc.).
:compileDebugNdk UP-TO-DATE
:compileDebugSources
:prePackageMarkerForDebug
:transformClassesWithDexForDebug
Running dex in-process requires build tools 23.0.2.
For faster builds update this project to use the latest build tools.
:mergeDebugJniLibFolders
:transformNative_libsWithMergeJniLibsForDebug
:processDebugJavaRes UP-TO-DATE
:transformResourcesWithMergeJavaResForDebug UP-TO-DATE
:validateDebugSigning
:packageDebug
:zipalignDebug
:assembleDebug
:preReleaseBuild UP-TO-DATE
:checkReleaseManifest
:prepareReleaseDependencies
:compileReleaseAidl UP-TO-DATE
:compileReleaseRenderscript UP-TO-DATE
:generateReleaseBuildConfig UP-TO-DATE
:mergeReleaseShaders
:compileReleaseShaders UP-TO-DATE
:generateReleaseAssets UP-TO-DATE
:mergeReleaseAssets
:generateReleaseResValues UP-TO-DATE
:generateReleaseResources UP-TO-DATE
:mergeReleaseResources
:processReleaseManifest
:processReleaseResources
:generateReleaseSources
:incrementalReleaseJavaCompilationSafeguard UP-TO-DATE
:compileReleaseJavaWithJavac
:compileReleaseJavaWithJavac - is not incremental (e.g. outputs have changed, no previous execution, etc.).
:compileReleaseNdk UP-TO-DATE
:compileReleaseSources
:lintVitalRelease
:prePackageMarkerForRelease
:transformClassesWithDexForRelease
:mergeReleaseJniLibFolders
:transformNative_libsWithMergeJniLibsForRelease
:processReleaseJavaRes UP-TO-DATE
:transformResourcesWithMergeJavaResForRelease UP-TO-DATE
:validateReleaseSigning
:packageRelease
:zipalignRelease
:assembleRelease
:assemble
:compileLint
:lint
Ran lint on variant debug: 20 issues found
Ran lint on variant release: 20 issues found
Wrote HTML report to file:///home/anti88/Programmieren/StudioProjects/hsnake/build/outputs/lint-results-debug.html
Wrote XML report to file:///home/anti88/Programmieren/StudioProjects/hsnake/build/outputs/lint-results-debug.xml
:incrementalDebugUnitTestJavaCompilationSafeguard UP-TO-DATE
:preDebugUnitTestBuild UP-TO-DATE
:prepareDebugUnitTestDependencies
:compileDebugUnitTestJavaWithJavac UP-TO-DATE
:processDebugUnitTestJavaRes UP-TO-DATE
:compileDebugUnitTestSources UP-TO-DATE
:mockableAndroidJar
:assembleDebugUnitTest
:testDebugUnitTest
:incrementalReleaseUnitTestJavaCompilationSafeguard UP-TO-DATE
:preReleaseUnitTestBuild UP-TO-DATE
:prepareReleaseUnitTestDependencies
:compileReleaseUnitTestJavaWithJavac UP-TO-DATE
:processReleaseUnitTestJavaRes UP-TO-DATE
:compileReleaseUnitTestSources UP-TO-DATE
:assembleReleaseUnitTest
:testReleaseUnitTest
:test
:check
:build

BUILD SUCCESSFUL

Total time: 9.405 secs
