[armeabi] Install        : libSDL2.so => libs/armeabi/libSDL2.so
[armeabi] Install        : libSDL2_mixer.so => libs/armeabi/libSDL2_mixer.so
[armeabi] Compile thumb  : main <= SDL_android_main.c
[armeabi] Compile++ thumb: main <= main.cc
[armeabi] Compile++ thumb: main <= aengine_adat.cc
[armeabi] Compile++ thumb: main <= aengine_bases.cc
[armeabi] Compile++ thumb: main <= aengine_collision.cc
[armeabi] Compile++ thumb: main <= aengine_config.cc
[armeabi] Compile++ thumb: main <= aengine_download.cc
[armeabi] Compile++ thumb: main <= aengine_drawing.cc
[armeabi] Compile++ thumb: main <= aengine_engine.cc
[armeabi] Compile++ thumb: main <= aengine_filesystem.cc
[armeabi] Compile++ thumb: main <= aengine_font.cc
[armeabi] Compile++ thumb: main <= aengine_image.cc
[armeabi] Compile++ thumb: main <= aengine_input.cc
[armeabi] Compile++ thumb: main <= aengine_level.cc
[armeabi] Compile++ thumb: main <= aengine_loading.cc
[armeabi] Compile++ thumb: main <= aengine_menue.cc
[armeabi] Compile++ thumb: main <= aengine_object.cc
[armeabi] Compile++ thumb: main <= aengine_shaders.cc
[armeabi] Compile++ thumb: main <= aengine_sound.cc
[armeabi] Compile++ thumb: main <= aengine_texture.cc
[armeabi] Compile++ thumb: main <= aengine_time.cc
[armeabi] Compile++ thumb: main <= aengine_utils.cc
[armeabi] Compile++ thumb: main <= aengine_window.cc
[armeabi] Compile++ thumb: main <= aengine_circle.cc
[armeabi] Compile++ thumb: main <= aengine_rectangle.cc
[armeabi] Compile++ thumb: main <= aengine_triangle.cc
[armeabi] Compile++ thumb: main <= alvl.cc
[armeabi] Compile++ thumb: main <= background.cc
[armeabi] Compile++ thumb: main <= bug.cc
[armeabi] Compile++ thumb: main <= collision.cc
[armeabi] Compile++ thumb: main <= download.cc
[armeabi] Compile++ thumb: main <= enemy.cc
[armeabi] Compile++ thumb: main <= follow_enemy.cc
[armeabi] Compile++ thumb: main <= hud.cc
[armeabi] Compile++ thumb: main <= interaction.cc
[armeabi] Compile++ thumb: main <= menue.cc
[armeabi] Compile++ thumb: main <= rect_bug.cc
[armeabi] Compile++ thumb: main <= snake.cc
[armeabi] Compile++ thumb: main <= snake_body.cc
[armeabi] Compile++ thumb: main <= snake_head.cc
[armeabi] Compile++ thumb: main <= texture.cc
[armeabi] SharedLibrary  : libmain.so
[armeabi] Install        : libmain.so => libs/armeabi/libmain.so
[armeabi-v7a] Install        : libSDL2.so => libs/armeabi-v7a/libSDL2.so
[armeabi-v7a] Install        : libSDL2_mixer.so => libs/armeabi-v7a/libSDL2_mixer.so
[armeabi-v7a] Compile thumb  : main <= SDL_android_main.c
[armeabi-v7a] Compile++ thumb: main <= main.cc
[armeabi-v7a] Compile++ thumb: main <= aengine_adat.cc
[armeabi-v7a] Compile++ thumb: main <= aengine_bases.cc
[armeabi-v7a] Compile++ thumb: main <= aengine_collision.cc
[armeabi-v7a] Compile++ thumb: main <= aengine_config.cc
[armeabi-v7a] Compile++ thumb: main <= aengine_download.cc
[armeabi-v7a] Compile++ thumb: main <= aengine_drawing.cc
[armeabi-v7a] Compile++ thumb: main <= aengine_engine.cc
[armeabi-v7a] Compile++ thumb: main <= aengine_filesystem.cc
[armeabi-v7a] Compile++ thumb: main <= aengine_font.cc
[armeabi-v7a] Compile++ thumb: main <= aengine_image.cc
[armeabi-v7a] Compile++ thumb: main <= aengine_input.cc
[armeabi-v7a] Compile++ thumb: main <= aengine_level.cc
[armeabi-v7a] Compile++ thumb: main <= aengine_loading.cc
[armeabi-v7a] Compile++ thumb: main <= aengine_menue.cc
[armeabi-v7a] Compile++ thumb: main <= aengine_object.cc
[armeabi-v7a] Compile++ thumb: main <= aengine_shaders.cc
[armeabi-v7a] Compile++ thumb: main <= aengine_sound.cc
[armeabi-v7a] Compile++ thumb: main <= aengine_texture.cc
[armeabi-v7a] Compile++ thumb: main <= aengine_time.cc
[armeabi-v7a] Compile++ thumb: main <= aengine_utils.cc
[armeabi-v7a] Compile++ thumb: main <= aengine_window.cc
[armeabi-v7a] Compile++ thumb: main <= aengine_circle.cc
[armeabi-v7a] Compile++ thumb: main <= aengine_rectangle.cc
[armeabi-v7a] Compile++ thumb: main <= aengine_triangle.cc
[armeabi-v7a] Compile++ thumb: main <= alvl.cc
[armeabi-v7a] Compile++ thumb: main <= background.cc
[armeabi-v7a] Compile++ thumb: main <= bug.cc
[armeabi-v7a] Compile++ thumb: main <= collision.cc
[armeabi-v7a] Compile++ thumb: main <= download.cc
[armeabi-v7a] Compile++ thumb: main <= enemy.cc
[armeabi-v7a] Compile++ thumb: main <= follow_enemy.cc
[armeabi-v7a] Compile++ thumb: main <= hud.cc
[armeabi-v7a] Compile++ thumb: main <= interaction.cc
[armeabi-v7a] Compile++ thumb: main <= menue.cc
[armeabi-v7a] Compile++ thumb: main <= rect_bug.cc
[armeabi-v7a] Compile++ thumb: main <= snake.cc
[armeabi-v7a] Compile++ thumb: main <= snake_body.cc
[armeabi-v7a] Compile++ thumb: main <= snake_head.cc
[armeabi-v7a] Compile++ thumb: main <= texture.cc
[armeabi-v7a] SharedLibrary  : libmain.so
[armeabi-v7a] Install        : libmain.so => libs/armeabi-v7a/libmain.so
[x86] Install        : libSDL2.so => libs/x86/libSDL2.so
[x86] Install        : libSDL2_mixer.so => libs/x86/libSDL2_mixer.so
[x86] Compile        : main <= SDL_android_main.c
[x86] Compile++      : main <= main.cc
[x86] Compile++      : main <= aengine_adat.cc
[x86] Compile++      : main <= aengine_bases.cc
[x86] Compile++      : main <= aengine_collision.cc
[x86] Compile++      : main <= aengine_config.cc
[x86] Compile++      : main <= aengine_download.cc
[x86] Compile++      : main <= aengine_drawing.cc
[x86] Compile++      : main <= aengine_engine.cc
[x86] Compile++      : main <= aengine_filesystem.cc
[x86] Compile++      : main <= aengine_font.cc
[x86] Compile++      : main <= aengine_image.cc
[x86] Compile++      : main <= aengine_input.cc
[x86] Compile++      : main <= aengine_level.cc
[x86] Compile++      : main <= aengine_loading.cc
[x86] Compile++      : main <= aengine_menue.cc
[x86] Compile++      : main <= aengine_object.cc
[x86] Compile++      : main <= aengine_shaders.cc
[x86] Compile++      : main <= aengine_sound.cc
[x86] Compile++      : main <= aengine_texture.cc
[x86] Compile++      : main <= aengine_time.cc
[x86] Compile++      : main <= aengine_utils.cc
[x86] Compile++      : main <= aengine_window.cc
[x86] Compile++      : main <= aengine_circle.cc
[x86] Compile++      : main <= aengine_rectangle.cc
[x86] Compile++      : main <= aengine_triangle.cc
[x86] Compile++      : main <= alvl.cc
[x86] Compile++      : main <= background.cc
[x86] Compile++      : main <= bug.cc
[x86] Compile++      : main <= collision.cc
[x86] Compile++      : main <= download.cc
[x86] Compile++      : main <= enemy.cc
[x86] Compile++      : main <= follow_enemy.cc
[x86] Compile++      : main <= hud.cc
[x86] Compile++      : main <= interaction.cc
[x86] Compile++      : main <= menue.cc
[x86] Compile++      : main <= rect_bug.cc
[x86] Compile++      : main <= snake.cc
[x86] Compile++      : main <= snake_body.cc
[x86] Compile++      : main <= snake_head.cc
[x86] Compile++      : main <= texture.cc
[x86] SharedLibrary  : libmain.so
[x86] Install        : libmain.so => libs/x86/libmain.so
